  Scanning sources for module dependencies...
  Struktura.cpp
  ClientManager.cpp
  Pracownik.cpp
  Baza.cpp
  Compiling...
  Pracownik.cpp
  Struktura.cpp
  Baza.cpp
  ClientManager.cpp
E:\Studia\Programowanie\ClientManager\ClientManager\Baza.cpp(52,19): warning C4018: '<': signed/unsigned mismatch
E:\Studia\Programowanie\ClientManager\ClientManager\Baza.cpp(56,20): warning C4018: '<': signed/unsigned mismatch
E:\Studia\Programowanie\ClientManager\ClientManager\Baza.cpp(60,20): warning C4018: '<': signed/unsigned mismatch
E:\Studia\Programowanie\ClientManager\ClientManager\Baza.cpp(96,9): warning C4101: 'pomiar': unreferenced local variable
E:\Studia\Programowanie\ClientManager\ClientManager\Baza.cpp(214,54): warning C4244: 'argument': conversion from 'float' to 'const int', possible loss of data
E:\Studia\Programowanie\ClientManager\ClientManager\Baza.cpp(215,56): warning C4244: 'argument': conversion from 'float' to 'const int', possible loss of data
E:\Studia\Programowanie\ClientManager\ClientManager\Baza.cpp(295,9): warning C4101: 'pomiar': unreferenced local variable
E:\Studia\Programowanie\ClientManager\ClientManager\Baza.cpp(373,20): warning C4018: '<': signed/unsigned mismatch
E:\Studia\Programowanie\ClientManager\ClientManager\Baza.cpp(454,9): warning C4101: 'pomiar': unreferenced local variable
C:\Program Files (x86)\Microsoft Visual Studio\2019\Community\VC\Tools\MSVC\14.29.30133\include\memory(3382,56): warning C4244: 'argument': conversion from '_Ty' to 'int', possible loss of data
          with
          [
              _Ty=float
          ]
E:\Studia\Programowanie\ClientManager\ClientManager\Baza.cpp(117): message : see reference to function template instantiation 'std::unique_ptr<Klient,std::default_delete<Klient>> std::make_unique<Klient,_Ty&,_Ty&,_Ty&,float,float,0>(_Ty &,_Ty &,_Ty &,float &&,float &&)' being compiled
          with
          [
              _Ty=std::string
          ]
C:\Program Files (x86)\Microsoft Visual Studio\2019\Community\VC\Tools\MSVC\14.29.30133\include\xutility(135,72): warning C4244: 'argument': conversion from '_Ty' to 'int', possible loss of data
          with
          [
              _Ty=float
          ]
C:\Program Files (x86)\Microsoft Visual Studio\2019\Community\VC\Tools\MSVC\14.29.30133\include\xutility(134): message : see reference to function template instantiation '_Ty *std::construct_at<_Ty,std::basic_string<char,std::char_traits<char>,std::allocator<char>>&,std::basic_string<char,std::char_traits<char>,std::allocator<char>>&,std::basic_string<char,std::char_traits<char>,std::allocator<char>>&,float,float,void>(_Ty *const ,std::basic_string<char,std::char_traits<char>,std::allocator<char>> &,std::basic_string<char,std::char_traits<char>,std::allocator<char>> &,std::basic_string<char,std::char_traits<char>,std::allocator<char>> &,float &&,float &&) noexcept(<expr>)' being compiled
          with
          [
              _Ty=Klient
          ]
C:\Program Files (x86)\Microsoft Visual Studio\2019\Community\VC\Tools\MSVC\14.29.30133\include\memory(2006): message : see reference to function template instantiation 'void std::_Construct_in_place<_Ty,std::basic_string<char,std::char_traits<char>,std::allocator<char>>&,std::basic_string<char,std::char_traits<char>,std::allocator<char>>&,std::basic_string<char,std::char_traits<char>,std::allocator<char>>&,float,float>(_Ty &,std::basic_string<char,std::char_traits<char>,std::allocator<char>> &,std::basic_string<char,std::char_traits<char>,std::allocator<char>> &,std::basic_string<char,std::char_traits<char>,std::allocator<char>> &,float &&,float &&) noexcept(false)' being compiled
          with
          [
              _Ty=Klient
          ]
C:\Program Files (x86)\Microsoft Visual Studio\2019\Community\VC\Tools\MSVC\14.29.30133\include\memory(2725): message : see reference to function template instantiation 'std::_Ref_count_obj2<_Ty>::_Ref_count_obj2<std::basic_string<char,std::char_traits<char>,std::allocator<char>>&,std::basic_string<char,std::char_traits<char>,std::allocator<char>>&,std::basic_string<char,std::char_traits<char>,std::allocator<char>>&,float,float>(std::basic_string<char,std::char_traits<char>,std::allocator<char>> &,std::basic_string<char,std::char_traits<char>,std::allocator<char>> &,std::basic_string<char,std::char_traits<char>,std::allocator<char>> &,float &&,float &&)' being compiled
          with
          [
              _Ty=Klient
          ]
C:\Program Files (x86)\Microsoft Visual Studio\2019\Community\VC\Tools\MSVC\14.29.30133\include\memory(2726): message : see reference to function template instantiation 'std::_Ref_count_obj2<_Ty>::_Ref_count_obj2<std::basic_string<char,std::char_traits<char>,std::allocator<char>>&,std::basic_string<char,std::char_traits<char>,std::allocator<char>>&,std::basic_string<char,std::char_traits<char>,std::allocator<char>>&,float,float>(std::basic_string<char,std::char_traits<char>,std::allocator<char>> &,std::basic_string<char,std::char_traits<char>,std::allocator<char>> &,std::basic_string<char,std::char_traits<char>,std::allocator<char>> &,float &&,float &&)' being compiled
          with
          [
              _Ty=Klient
          ]
E:\Studia\Programowanie\ClientManager\ClientManager\Baza.cpp(475): message : see reference to function template instantiation 'std::shared_ptr<Klient> std::make_shared<Klient,_Ty&,_Ty&,_Ty&,float,float>(_Ty &,_Ty &,_Ty &,float &&,float &&)' being compiled
          with
          [
              _Ty=std::string
          ]
C:\Program Files (x86)\Microsoft Visual Studio\2019\Community\VC\Tools\MSVC\14.29.30133\include\xutility(149,77): warning C4244: 'argument': conversion from '_Ty' to 'int', possible loss of data
          with
          [
              _Ty=float
          ]
E:\Studia\Programowanie\ClientManager\ClientManager\Struktura.cpp(146): warning C4715: 'MenuKlienci': not all control paths return a value
E:\Studia\Programowanie\ClientManager\ClientManager\Struktura.cpp(184): warning C4715: 'MenuPracownicy': not all control paths return a value
E:\Studia\Programowanie\ClientManager\ClientManager\Struktura.cpp(213): warning C4715: 'MenuWszyscy': not all control paths return a value
E:\Studia\Programowanie\ClientManager\ClientManager\Struktura.cpp(105): warning C4715: 'MenuWyborBazy': not all control paths return a value
C:\Program Files (x86)\Microsoft Visual Studio\2019\Community\VC\Tools\MSVC\14.29.30133\include\xutility(136,69): warning C4244: 'argument': conversion from '_Ty' to 'int', possible loss of data
          with
          [
              _Ty=float
          ]
C:\Program Files (x86)\Microsoft Visual Studio\2019\Community\VC\Tools\MSVC\14.29.30133\include\xutility(142): message : see reference to function template instantiation '_Ty *std::construct_at<_Ty,std::basic_string<char,std::char_traits<char>,std::allocator<char>>&,std::basic_string<char,std::char_traits<char>,std::allocator<char>>&,std::basic_string<char,std::char_traits<char>,std::allocator<char>>&,float,float,void>(_Ty *const ,std::basic_string<char,std::char_traits<char>,std::allocator<char>> &,std::basic_string<char,std::char_traits<char>,std::allocator<char>> &,std::basic_string<char,std::char_traits<char>,std::allocator<char>> &,float &&,float &&) noexcept(false)' being compiled
          with
          [
              _Ty=Klient
          ]
C:\Program Files (x86)\Microsoft Visual Studio\2019\Community\VC\Tools\MSVC\14.29.30133\include\memory(2006): message : see reference to function template instantiation 'void std::_Construct_in_place<_Ty,std::basic_string<char,std::char_traits<char>,std::allocator<char>>&,std::basic_string<char,std::char_traits<char>,std::allocator<char>>&,std::basic_string<char,std::char_traits<char>,std::allocator<char>>&,float,float>(_Ty &,std::basic_string<char,std::char_traits<char>,std::allocator<char>> &,std::basic_string<char,std::char_traits<char>,std::allocator<char>> &,std::basic_string<char,std::char_traits<char>,std::allocator<char>> &,float &&,float &&) noexcept(false)' being compiled
          with
          [
              _Ty=Klient
          ]
  ClientManager.vcxproj -> E:\Studia\Programowanie\ClientManager\Debug\ClientManager.exe

Project Performance Summary:
     2891 ms  E:\Studia\Programowanie\ClientManager\ClientManager\ClientManager.vcxproj   1 calls
               2891 ms  Build                                      1 calls

Target Performance Summary:
        0 ms  AfterBuildCompileEvent                     1 calls
        0 ms  AfterLink                                  1 calls
        0 ms  ComputeLinkImportLibraryOutputsForClean    1 calls
        0 ms  PreLinkEvent                               1 calls
        0 ms  PrepareResourceNames                       1 calls
        0 ms  CreateCustomManifestResourceNames          1 calls
        0 ms  ComputeManifestInputsTargets               1 calls
        0 ms  ComputeLinkInputsFromProject               1 calls
        0 ms  ComputeRCGeneratedLinkInputs               1 calls
        0 ms  ComputeRCOutputs                           1 calls
        0 ms  BeforeLink                                 1 calls
        0 ms  ComputeLegacyManifestEmbedding             1 calls
        0 ms  BuildLinkTraverse                          1 calls
        0 ms  BuildCompile                               1 calls
        0 ms  _BuildCompileAction                        1 calls
        0 ms  _ResourceCompile                           1 calls
        0 ms  AfterResourceCompile                       1 calls
        0 ms  MakeDirsForResourceCompile                 1 calls
        0 ms  BeforeResourceCompile                      1 calls
        0 ms  _ClCompile                                 1 calls
        0 ms  _Link                                      1 calls
        0 ms  _ALink                                     1 calls
        0 ms  _Manifest                                  1 calls
        0 ms  ResolvedXDCMake                            1 calls
        0 ms  AfterBuild                                 1 calls
        0 ms  BuildLink                                  1 calls
        0 ms  _BuildLinkAction                           1 calls
        0 ms  PostBuildEvent                             1 calls
        0 ms  PrepareForRun                              1 calls
        0 ms  _CheckForCompileOutputs                    1 calls
        0 ms  _CopySourceItemsToOutputDirectory          1 calls
        0 ms  _GetCopyToOutputDirectoryItemsFromThisProject   1 calls
        0 ms  GetCopyToOutputDirectoryXamlAppDefs        1 calls
        0 ms  AfterClCompile                             1 calls
        0 ms  _PopulateCommonStateForGetCopyToOutputDirectoryItems   1 calls
        0 ms  _Appverifier                               1 calls
        0 ms  CreateSatelliteAssemblies                  1 calls
        0 ms  MakeDirsForFxc                             1 calls
        0 ms  BuiltProjectOutputGroup                    1 calls
        0 ms  _BscMake                                   1 calls
        0 ms  MakeDirsForBscMake                         1 calls
        0 ms  ComputeCLCompileGeneratedSbrFiles          1 calls
        0 ms  _XdcMake                                   1 calls
        0 ms  MakeDirsForXdcMake                         1 calls
        0 ms  _Deploy                                    1 calls
        0 ms  SelectClCompile                            1 calls
        0 ms  Build                                      1 calls
        0 ms  BuildGenerateSourcesTraverse               1 calls
        0 ms  SelectCustomBuild                          1 calls
        0 ms  GetReferencedVCProjectsInfo                1 calls
        0 ms  ResolveReferences                          1 calls
        0 ms  ComputeCustomBuildOutput                   1 calls
        0 ms  AfterResolveReferences                     1 calls
        0 ms  ResolveAssemblyReferences                  1 calls
        0 ms  ExpandSDKReferences                        1 calls
        0 ms  ResolveSDKReferences                       1 calls
        0 ms  _Xsd                                       1 calls
        0 ms  SetCABuildNativeEnvironmentVariables       1 calls
        0 ms  ComputeMIDLGeneratedCompileInputs          1 calls
        0 ms  AfterMidl                                  1 calls
        0 ms  _SelectedFiles                             1 calls
        0 ms  _Midl                                      1 calls
        0 ms  GetResolvedWinMD                           1 calls
        0 ms  AfterBuildGenerateSourcesEvent             1 calls
        0 ms  _BuildGenerateSourcesAction                1 calls
        0 ms  BuildGenerateSources                       1 calls
        0 ms  BuildCompileTraverse                       1 calls
        0 ms  BeforeClCompile                            1 calls
        0 ms  AddExternalIncludDirectoriesToPaths        1 calls
        0 ms  GetFrameworkPaths                          1 calls
        0 ms  FindReferenceAssembliesForReferences       1 calls
        0 ms  PrepareProjectReferences                   1 calls
        0 ms  _AddOutputPathToGlobalPropertiesToRemove   1 calls
        0 ms  _SplitProjectReferencesByFileExistence     1 calls
        0 ms  BeforeResolveReferences                    1 calls
        0 ms  AfterBuildGenerateSources                  1 calls
        0 ms  BeforeBuildGenerateSources                 1 calls
        0 ms  ComputeCLCompileGeneratedXDCFiles          1 calls
        0 ms  ComputeReferenceCLInput                    1 calls
        0 ms  ComputeLinkSwitches                        1 calls
        0 ms  IncrementalClean                           1 calls
        0 ms  PreBuildEvent                              1 calls
        0 ms  CopyFilesToOutputDirectory                 1 calls
        0 ms  _PrepareForBuild                           1 calls
        0 ms  MakeDirsForMidl                            1 calls
        0 ms  ComputeCLOutputs                           1 calls
        0 ms  _CheckWindowsSDKInstalled                  1 calls
        0 ms  _GenerateSatelliteAssemblyInputs           1 calls
        0 ms  _PrepareForReferenceResolution             1 calls
        0 ms  ComputeManifestGeneratedLinkerInputs       1 calls
        1 ms  MakeDirsForLink                            1 calls
        1 ms  ContentFilesProjectOutputGroup             1 calls
        1 ms  ComputeCLInputPDBName                      1 calls
        1 ms  CopyFileToFolders                          1 calls
        1 ms  DoLinkOutputFilesMatch                     1 calls
        1 ms  GetReferenceAssemblyPaths                  1 calls
        1 ms  _GetCopyToOutputDirectoryItemsFromTransitiveProjectReferences   1 calls
        1 ms  RegisterOutput                             1 calls
        1 ms  ComputeCLGeneratedLinkInputs               1 calls
        1 ms  SetBuildDefaultEnvironmentVariables        1 calls
        1 ms  FinalizeBuildStatus                        1 calls
        1 ms  _GetProjectReferenceTargetFrameworkProperties   1 calls
        2 ms  GetCopyToOutputDirectoryItems              1 calls
        2 ms  SatelliteDllsProjectOutputGroup            1 calls
        2 ms  SplitResourcesByCulture                    1 calls
        2 ms  AssignProjectConfiguration                 1 calls
        3 ms  FixupCLCompileOptions                      1 calls
        3 ms  AssignTargetPaths                          1 calls
        4 ms  WarnCompileDuplicatedFilename              1 calls
        4 ms  MakeDirsForCl                              1 calls
        4 ms  _CleanGetCurrentAndPriorFileWrites         1 calls
        6 ms  SetTelemetryEnvironmentVariables           1 calls
        6 ms  CustomBuild                                1 calls
        8 ms  InitializeBuildStatus                      1 calls
       17 ms  CreateRecipeFile                           1 calls
       17 ms  _CheckForInvalidConfigurationAndPlatform   1 calls
       17 ms  ResolveProjectReferences                   1 calls
       25 ms  PrepareForBuild                            1 calls
      315 ms  Link                                       1 calls
      590 ms  SetModuleDependencies                      1 calls
     1844 ms  ClCompile                                  1 calls

Task Performance Summary:
        0 ms  MSBuild                                    1 calls
        0 ms  WriteLinesToFile                           1 calls
        1 ms  RemoveDuplicates                           2 calls
        1 ms  ConvertToAbsolutePath                      1 calls
        1 ms  Delete                                     2 calls
        1 ms  MakeDir                                   11 calls
        1 ms  CreateItem                                 2 calls
        1 ms  AssignProjectConfiguration                 1 calls
        1 ms  AssignCulture                              1 calls
        2 ms  FindUnderPath                              5 calls
        2 ms  CallTarget                                 2 calls
        2 ms  AssignTargetPath                           7 calls
        2 ms  Message                                    3 calls
        3 ms  SetEnv                                     9 calls
        3 ms  ReadLinesFromFile                          2 calls
        5 ms  Touch                                      2 calls
        7 ms  GetOutOfDateItems                          3 calls
       14 ms  CheckVCToolsetVersion                      1 calls
       16 ms  GenerateDesktopDeployRecipe                1 calls
      313 ms  Link                                       1 calls
      589 ms  SetModuleDependencies                      1 calls
     1843 ms  MultiToolTask                              1 calls
